<?xml version="1.0" encoding="UTF-8"?>
<!-- Generated by org.testng.reporters.JUnitReportReporter -->
<testsuite hostname="Sowmya" failures="0" tests="1" name="com.acti.testcase.LoginPageTests" time="6.186" errors="0" timestamp="2023-09-20T19:55:04 EDT" skipped="0">
  <testcase classname="com.acti.testcase.LoginPageTests" name="testLoginFunction" time="6.186"/>
  <system-out/>
</testsuite> <!-- com.acti.testcase.LoginPageTests -->
