<?xml version="1.0" encoding="UTF-8"?>
<!-- Generated by org.testng.reporters.JUnitReportReporter -->
<testsuite hostname="Sowmya" failures="0" tests="1" name="com.acti.driver.DriverScript" time="3.527" errors="0" timestamp="2023-09-18T20:19:34 EDT" skipped="0">
  <testcase classname="com.acti.driver.DriverScript" name="initApplication" time="3.527"/>
  <system-out/>
</testsuite> <!-- com.acti.driver.DriverScript -->
